<?xml version="1.0" encoding="UTF-8"?>
<!-- Generated by org.testng.reporters.JUnitReportReporter -->
<testsuite hostname="DESKTOP-R9JNNG2" failures="0" tests="1" name="testcases.LoginTest" time="0.206" errors="0" timestamp="2023-02-08T17:19:47 IST" skipped="1">
  <testcase classname="testcases.LoginTest" name="managerLogin" time="0.206">
    <skipped/>
  </testcase> <!-- managerLogin -->
  <system-out/>
</testsuite> <!-- testcases.LoginTest -->
