<?xml version="1.0" encoding="UTF-8"?>
<!-- Generated by org.testng.reporters.JUnitReportReporter -->
<testsuite hostname="DESKTOP-R9JNNG2" failures="0" tests="1" name="base.TestBase" time="24.910" errors="0" timestamp="2023-02-01T23:12:03 IST" skipped="0">
  <testcase classname="base.TestBase" name="setUp" time="24.910"/>
  <system-out/>
</testsuite> <!-- base.TestBase -->
