<?xml version="1.0" encoding="UTF-8"?>
<!-- Generated by org.testng.reporters.JUnitReportReporter -->
<testsuite hostname="DESKTOP-R9JNNG2" failures="0" tests="3" name="testcases.OpenAccountTest" time="14.228" errors="0" timestamp="2023-02-08T17:19:47 IST" skipped="1">
  <testcase classname="testcases.OpenAccountTest" name="openAccount" time="10.449"/>
  <system-out>
    <![CDATA[Click on Open_Account_Button
Click on json.locators.OpenAccount.xpath]]>
  </system-out>
  <testcase classname="testcases.OpenAccountTest" name="openAccount" time="3.652"/>
  <system-out>
    <![CDATA[Click on Open_Account_Button
Click on json.locators.OpenAccount.xpath]]>
  </system-out>
  <testcase classname="testcases.OpenAccountTest" name="openAccount" time="0.127">
    <skipped/>
  </testcase> <!-- openAccount -->
  <system-out/>
</testsuite> <!-- testcases.OpenAccountTest -->
