<?xml version="1.0" encoding="UTF-8"?>
<!-- Generated by org.testng.reporters.JUnitReportReporter -->
<testsuite hostname="DESKTOP-R9JNNG2" failures="0" tests="3" name="testcases.OpenAccountTest" time="15.533" errors="0" timestamp="2023-02-08T21:58:48 IST" skipped="1">
  <testcase classname="testcases.OpenAccountTest" name="openAccount" time="4.700"/>
  <system-out>
    <![CDATA[Click on xml.locators.BankManagerButton.xpath
Click on Open_Account_Button
Click on json.locators.OpenAccount.xpath]]>
  </system-out>
  <testcase classname="testcases.OpenAccountTest" name="openAccount" time="0.081">
    <skipped/>
  </testcase> <!-- openAccount -->
  <system-out/>
  <testcase classname="testcases.OpenAccountTest" name="openAccount" time="10.752"/>
  <system-out>
    <![CDATA[Click on Open_Account_Button
Click on json.locators.OpenAccount.xpath]]>
  </system-out>
</testsuite> <!-- testcases.OpenAccountTest -->
